panic error time:2024-09-30 04:48:39
reflect: reflect.Value.Set using unaddressable value
stacktrace from panic:goroutine 177 [running]:
runtime/debug.Stack()
	/usr/local/go/src/runtime/debug/stack.go:26 +0x5e
pkg/middleware/log.Recover.func1()
	/home/oj/middleware/log/log.go:124 +0x285
panic({0xab72c0?, 0xc0003dc260?})
	/usr/local/go/src/runtime/panic.go:785 +0x132
reflect.flag.mustBeAssignableSlow(0x18?)
	/usr/local/go/src/reflect/value.go:257 +0x74
reflect.flag.mustBeAssignable(...)
	/usr/local/go/src/reflect/value.go:244
reflect.Value.Set({0xb93180?, 0xc0004d53a0?, 0xb88160?}, {0xb93180?, 0xc0003c2060?, 0xab72c0?})
	/usr/local/go/src/reflect/value.go:2307 +0x65
gorm.io/gorm/schema.(*Field).setupValuerAndSetter.func12({0xcc2f48?, 0x11680a0?}, {0xb88160?, 0xc0004d5300?, 0xc00011ca30?}, {0xb93180, 0xc0003c2060})
	/root/go/pkg/mod/gorm.io/gorm@v1.25.12/schema/field.go:840 +0x405
gorm.io/gorm/callbacks.ConvertToCreateValues(0xc0003f88c0)
	/root/go/pkg/mod/gorm.io/gorm@v1.25.12/callbacks/create.go:326 +0x17cb
gorm.io/gorm/callbacks.RegisterDefaultCallbacks.Create.func3(0xc0003e0c00)
	/root/go/pkg/mod/gorm.io/gorm@v1.25.12/callbacks/create.go:66 +0x137
gorm.io/gorm.(*processor).Execute(0xc00049d270, 0xc0002f1c50?)
	/root/go/pkg/mod/gorm.io/gorm@v1.25.12/callbacks.go:130 +0x3cb
gorm.io/gorm.(*DB).Create(0xb88160?, {0xb88160, 0xc0004d5300})
	/root/go/pkg/mod/gorm.io/gorm@v1.25.12/finisher_api.go:24 +0xa8
pkg/models.Problem.CreateProblem(...)
	/home/oj/models/problem.go:33
pkg/controllers.ProblemController.CreateProblem({}, 0xc0004d4800)
	/home/oj/controllers/problem.go:23 +0x165
github.com/gin-gonic/gin.(*Context).Next(...)
	/root/go/pkg/mod/github.com/gin-gonic/gin@v1.10.0/context.go:185
pkg/middleware/log.Recover(0xc0004d4800)
	/home/oj/middleware/log/log.go:133 +0x5c
github.com/gin-gonic/gin.(*Context).Next(...)
	/root/go/pkg/mod/github.com/gin-gonic/gin@v1.10.0/context.go:185
github.com/gin-gonic/gin.LoggerWithConfig.func1(0xc0004d4800)
	/root/go/pkg/mod/github.com/gin-gonic/gin@v1.10.0/logger.go:249 +0xe5
github.com/gin-gonic/gin.(*Context).Next(...)
	/root/go/pkg/mod/github.com/gin-gonic/gin@v1.10.0/context.go:185
github.com/gin-gonic/gin.CustomRecoveryWithWriter.func1(0xc0004d4800)
	/root/go/pkg/mod/github.com/gin-gonic/gin@v1.10.0/recovery.go:102 +0x6f
github.com/gin-gonic/gin.(*Context).Next(...)
	/root/go/pkg/mod/github.com/gin-gonic/gin@v1.10.0/context.go:185
github.com/gin-gonic/gin.LoggerWithConfig.func1(0xc0004d4800)
	/root/go/pkg/mod/github.com/gin-gonic/gin@v1.10.0/logger.go:249 +0xe5
github.com/gin-gonic/gin.(*Context).Next(...)
	/root/go/pkg/mod/github.com/gin-gonic/gin@v1.10.0/context.go:185
github.com/gin-gonic/gin.(*Engine).handleHTTPRequest(0xc000504ea0, 0xc0004d4800)
	/root/go/pkg/mod/github.com/gin-gonic/gin@v1.10.0/gin.go:633 +0x892
github.com/gin-gonic/gin.(*Engine).ServeHTTP(0xc000504ea0, {0xcc1ee8, 0xc0001040e0}, 0xc0002c8000)
	/root/go/pkg/mod/github.com/gin-gonic/gin@v1.10.0/gin.go:589 +0x1b2
net/http.serverHandler.ServeHTTP({0xcbf7d8?}, {0xcc1ee8?, 0xc0001040e0?}, 0x6?)
	/usr/local/go/src/net/http/server.go:3210 +0x8e
net/http.(*conn).serve(0xc0001001b0, {0xcc3308, 0xc0003e07e0})
	/usr/local/go/src/net/http/server.go:2092 +0x5d0
created by net/http.(*Server).Serve in goroutine 1
	/usr/local/go/src/net/http/server.go:3360 +0x485

